<?xml version="1.0" encoding="UTF-8"?>
<!-- Generated by org.testng.reporters.JUnitReportReporter -->
<testsuite hostname="DESKTOP-150NEV4" failures="0" tests="5" name="dataDrivenTesting.DataDrivenTest_AddNewEmployees" time="3.953" errors="0" timestamp="2022-11-23T22:14:37 EST" skipped="0">
  <testcase classname="dataDrivenTesting.DataDrivenTest_AddNewEmployees" name="postAddNewEmployees" time="0.476"/>
  <system-out/>
  <testcase classname="dataDrivenTesting.DataDrivenTest_AddNewEmployees" name="postAddNewEmployees" time="0.446"/>
  <system-out/>
  <testcase classname="dataDrivenTesting.DataDrivenTest_AddNewEmployees" name="postAddNewEmployees" time="0.429"/>
  <system-out/>
  <testcase classname="dataDrivenTesting.DataDrivenTest_AddNewEmployees" name="postAddNewEmployees" time="2.170"/>
  <system-out/>
  <testcase classname="dataDrivenTesting.DataDrivenTest_AddNewEmployees" name="postAddNewEmployees" time="0.432"/>
  <system-out/>
</testsuite> <!-- dataDrivenTesting.DataDrivenTest_AddNewEmployees -->
