<?xml version="1.0" encoding="UTF-8"?>
<!-- Generated by org.testng.reporters.JUnitReportReporter -->
<testsuite hostname="DESKTOP-150NEV4" failures="0" tests="1" name="TC001_GET_Request" time="2.041" errors="0" timestamp="2022-11-17T15:44:01 EST" skipped="0">
  <testcase classname="TC001_GET_Request" name="getWeaterhDetails" time="2.041"/>
  <system-out/>
</testsuite> <!-- TC001_GET_Request -->
