<?xml version="1.0" encoding="UTF-8"?>
<!-- Generated by org.testng.reporters.JUnitReportReporter -->
<testsuite hostname="DESKTOP-150NEV4" failures="0" tests="1" name="TC002_POST_Request" time="3.423" errors="0" timestamp="2022-11-17T16:13:53 EST" skipped="0">
  <testcase classname="TC002_POST_Request" name="postUser" time="3.423"/>
  <system-out/>
</testsuite> <!-- TC002_POST_Request -->
