<?xml version="1.0" encoding="UTF-8"?>
<!-- Generated by org.testng.reporters.JUnitReportReporter -->
<testsuite hostname="DESKTOP-150NEV4" failures="0" tests="1" name="TC003_GET_Request" time="3.096" errors="0" timestamp="2022-11-17T16:39:20 EST" skipped="0">
  <testcase classname="TC003_GET_Request" name="getUserDetails" time="3.096"/>
  <system-out/>
</testsuite> <!-- TC003_GET_Request -->
