<?xml version="1.0" encoding="UTF-8"?>
<!-- Generated by org.testng.reporters.JUnitReportReporter -->
<testsuite hostname="DESKTOP-150NEV4" failures="0" tests="1" name="com.employeeapi.testCases.TC003_Post_Employee_Record" time="0.033" errors="0" timestamp="2022-12-03T16:31:47 EST" skipped="0">
  <testcase classname="com.employeeapi.testCases.TC003_Post_Employee_Record" name="checkResponseEmpInfo" time="0.033"/>
  <system-out/>
</testsuite> <!-- com.employeeapi.testCases.TC003_Post_Employee_Record -->
